# JRE version: Java(TM) SE Runtime Environment (8.0_65-b17) (build 1.8.0_65-b17)
# Java VM: Java HotSpot(TM) 64-Bit Server VM (25.65-b01 mixed mode bsd-amd64 compressed oops)
Heap:
 PSYoungGen      total 114688K, used 29482K [0x00000007aab00000, 0x00000007b6300000, 0x00000007c0000000)
  eden space 104960K, 28% used [0x00000007aab00000,0x00000007ac7ca980,0x00000007b1180000)
  from space 9728K, 0% used [0x00000007b1180000,0x00000007b1180000,0x00000007b1b00000)
  to   space 10240K, 0% used [0x00000007b5900000,0x00000007b5900000,0x00000007b6300000)
 ParOldGen       total 37888K, used 14385K [0x0000000780000000, 0x0000000782500000, 0x00000007aab00000)
  object space 37888K, 37% used [0x0000000780000000,0x0000000780e0c658,0x0000000782500000)
 Metaspace       used 21495K, capacity 22352K, committed 22528K, reserved 1069056K
  class space    used 2785K, capacity 2973K, committed 3072K, reserved 1048576K
GC Heap History (10 events):
Event: 8.350 GC heap before
{Heap before GC invocations=8 (full 0):
 PSYoungGen      total 43008K, used 33305K [0x00000007aab00000, 0x00000007aff00000, 0x00000007c0000000)
  eden space 32768K, 99% used [0x00000007aab00000,0x00000007acafb7c8,0x00000007acb00000)
  from space 10240K, 5% used [0x00000007acb00000,0x00000007acb8b010,0x00000007ad500000)
  to   space 10240K, 0% used [0x00000007af500000,0x00000007af500000,0x00000007aff00000)
 ParOldGen       total 44032K, used 12302K [0x0000000780000000, 0x0000000782b00000, 0x00000007aab00000)
  object space 44032K, 27% used [0x0000000780000000,0x0000000780c03bf0,0x0000000782b00000)
 Metaspace       used 18690K, capacity 19324K, committed 19456K, reserved 1067008K
  class space    used 2538K, capacity 2705K, committed 2816K, reserved 1048576K
Event: 8.352 GC heap after
Heap after GC invocations=8 (full 0):
 PSYoungGen      total 75776K, used 191K [0x00000007aab00000, 0x00000007aff00000, 0x00000007c0000000)
  eden space 65536K, 0% used [0x00000007aab00000,0x00000007aab00000,0x00000007aeb00000)
  from space 10240K, 1% used [0x00000007af500000,0x00000007af52fdf8,0x00000007aff00000)
  to   space 10240K, 0% used [0x00000007aeb00000,0x00000007aeb00000,0x00000007af500000)
 ParOldGen       total 44032K, used 12694K [0x0000000780000000, 0x0000000782b00000, 0x00000007aab00000)
  object space 44032K, 28% used [0x0000000780000000,0x0000000780c65bf0,0x0000000782b00000)
 Metaspace       used 18690K, capacity 19324K, committed 19456K, reserved 1067008K
  class space    used 2538K, capacity 2705K, committed 2816K, reserved 1048576K
}
Event: 8.387 GC heap before
{Heap before GC invocations=9 (full 0):
 PSYoungGen      total 75776K, used 65662K [0x00000007aab00000, 0x00000007aff00000, 0x00000007c0000000)
  eden space 65536K, 99% used [0x00000007aab00000,0x00000007aeaefc68,0x00000007aeb00000)
  from space 10240K, 1% used [0x00000007af500000,0x00000007af52fdf8,0x00000007aff00000)
  to   space 10240K, 0% used [0x00000007aeb00000,0x00000007aeb00000,0x00000007af500000)
 ParOldGen       total 44032K, used 12694K [0x0000000780000000, 0x0000000782b00000, 0x00000007aab00000)
  object space 44032K, 28% used [0x0000000780000000,0x0000000780c65bf0,0x0000000782b00000)
 Metaspace       used 18692K, capacity 19324K, committed 19456K, reserved 1067008K
  class space    used 2538K, capacity 2705K, committed 2816K, reserved 1048576K
Event: 8.388 GC heap after
Heap after GC invocations=9 (full 0):
 PSYoungGen      total 75776K, used 223K [0x00000007aab00000, 0x00000007b2580000, 0x00000007c0000000)
  eden space 65536K, 0% used [0x00000007aab00000,0x00000007aab00000,0x00000007aeb00000)
  from space 10240K, 2% used [0x00000007aeb00000,0x00000007aeb37df0,0x00000007af500000)
  to   space 10240K, 0% used [0x00000007b1b80000,0x00000007b1b80000,0x00000007b2580000)
 ParOldGen       total 44032K, used 12702K [0x0000000780000000, 0x0000000782b00000, 0x00000007aab00000)
  object space 44032K, 28% used [0x0000000780000000,0x0000000780c67bf0,0x0000000782b00000)
 Metaspace       used 18692K, capacity 19324K, committed 19456K, reserved 1067008K
  class space    used 2538K, capacity 2705K, committed 2816K, reserved 1048576K
}
Event: 8.410 GC heap before
{Heap before GC invocations=10 (full 0):
 PSYoungGen      total 75776K, used 65641K [0x00000007aab00000, 0x00000007b2580000, 0x00000007c0000000)
  eden space 65536K, 99% used [0x00000007aab00000,0x00000007aeae29c0,0x00000007aeb00000)
  from space 10240K, 2% used [0x00000007aeb00000,0x00000007aeb37df0,0x00000007af500000)
  to   space 10240K, 0% used [0x00000007b1b80000,0x00000007b1b80000,0x00000007b2580000)
 ParOldGen       total 44032K, used 12702K [0x0000000780000000, 0x0000000782b00000, 0x00000007aab00000)
  object space 44032K, 28% used [0x0000000780000000,0x0000000780c67bf0,0x0000000782b00000)
 Metaspace       used 18698K, capacity 19324K, committed 19456K, reserved 1067008K
  class space    used 2538K, capacity 2705K, committed 2816K, reserved 1048576K
Event: 8.411 GC heap after
Heap after GC invocations=10 (full 0):
 PSYoungGen      total 114176K, used 249K [0x00000007aab00000, 0x00000007b2480000, 0x00000007c0000000)
  eden space 104960K, 0% used [0x00000007aab00000,0x00000007aab00000,0x00000007b1180000)
  from space 9216K, 2% used [0x00000007b1b80000,0x00000007b1bbe7b0,0x00000007b2480000)
  to   space 9728K, 0% used [0x00000007b1180000,0x00000007b1180000,0x00000007b1b00000)
 ParOldGen       total 44032K, used 12710K [0x0000000780000000, 0x0000000782b00000, 0x00000007aab00000)
  object space 44032K, 28% used [0x0000000780000000,0x0000000780c69bf0,0x0000000782b00000)
 Metaspace       used 18698K, capacity 19324K, committed 19456K, reserved 1067008K
  class space    used 2538K, capacity 2705K, committed 2816K, reserved 1048576K
}
Event: 15.777 GC heap before
{Heap before GC invocations=11 (full 0):
 PSYoungGen      total 114176K, used 61475K [0x00000007aab00000, 0x00000007b2480000, 0x00000007c0000000)
  eden space 104960K, 58% used [0x00000007aab00000,0x00000007ae6ca830,0x00000007b1180000)
  from space 9216K, 2% used [0x00000007b1b80000,0x00000007b1bbe7b0,0x00000007b2480000)
  to   space 9728K, 0% used [0x00000007b1180000,0x00000007b1180000,0x00000007b1b00000)
 ParOldGen       total 44032K, used 12710K [0x0000000780000000, 0x0000000782b00000, 0x00000007aab00000)
  object space 44032K, 28% used [0x0000000780000000,0x0000000780c69bf0,0x0000000782b00000)
 Metaspace       used 20484K, capacity 21228K, committed 21296K, reserved 1067008K
  class space    used 2749K, capacity 2927K, committed 2944K, reserved 1048576K
Event: 15.784 GC heap after
Heap after GC invocations=11 (full 0):
 PSYoungGen      total 114688K, used 5245K [0x00000007aab00000, 0x00000007b6300000, 0x00000007c0000000)
  eden space 104960K, 0% used [0x00000007aab00000,0x00000007aab00000,0x00000007b1180000)
  from space 9728K, 53% used [0x00000007b1180000,0x00000007b169f648,0x00000007b1b00000)
  to   space 10240K, 0% used [0x00000007b5900000,0x00000007b5900000,0x00000007b6300000)
 ParOldGen       total 44032K, used 12718K [0x0000000780000000, 0x0000000782b00000, 0x00000007aab00000)
  object space 44032K, 28% used [0x0000000780000000,0x0000000780c6bbf0,0x0000000782b00000)
 Metaspace       used 20484K, capacity 21228K, committed 21296K, reserved 1067008K
  class space    used 2749K, capacity 2927K, committed 2944K, reserved 1048576K
}
Event: 15.797 GC heap before
{Heap before GC invocations=12 (full 1):
 PSYoungGen      total 114688K, used 5245K [0x00000007aab00000, 0x00000007b6300000, 0x00000007c0000000)
  eden space 104960K, 0% used [0x00000007aab00000,0x00000007aab00000,0x00000007b1180000)
  from space 9728K, 53% used [0x00000007b1180000,0x00000007b169f648,0x00000007b1b00000)
  to   space 10240K, 0% used [0x00000007b5900000,0x00000007b5900000,0x00000007b6300000)
 ParOldGen       total 44032K, used 12718K [0x0000000780000000, 0x0000000782b00000, 0x00000007aab00000)
  object space 44032K, 28% used [0x0000000780000000,0x0000000780c6bbf0,0x0000000782b00000)
 Metaspace       used 20484K, capacity 21228K, committed 21296K, reserved 1067008K
  class space    used 2749K, capacity 2927K, committed 2944K, reserved 1048576K
Event: 15.862 GC heap after
Heap after GC invocations=12 (full 1):
 PSYoungGen      total 114688K, used 0K [0x00000007aab00000, 0x00000007b6300000, 0x00000007c0000000)
  eden space 104960K, 0% used [0x00000007aab00000,0x00000007aab00000,0x00000007b1180000)
  from space 9728K, 0% used [0x00000007b1180000,0x00000007b1180000,0x00000007b1b00000)
  to   space 10240K, 0% used [0x00000007b5900000,0x00000007b5900000,0x00000007b6300000)
 ParOldGen       total 37888K, used 14385K [0x0000000780000000, 0x0000000782500000, 0x00000007aab00000)
  object space 37888K, 37% used [0x0000000780000000,0x0000000780e0c658,0x0000000782500000)
 Metaspace       used 20480K, capacity 21222K, committed 21296K, reserved 1067008K
  class space    used 2749K, capacity 2926K, committed 2944K, reserved 1048576K
}

